TN:
SF:src/components/Form/Button/index.tsx
FN:11,(anonymous_0)
FNF:1
FNH:1
FNDA:4,(anonymous_0)
DA:11,1
DA:12,4
LF:2
LH:2
BRF:0
BRH:0
end_of_record
TN:
SF:src/components/Form/Button/styles.ts
FN:7,(anonymous_0)
FN:16,(anonymous_1)
FN:18,(anonymous_2)
FNF:3
FNH:3
FNDA:4,(anonymous_0)
FNDA:4,(anonymous_1)
FNDA:4,(anonymous_2)
DA:5,1
DA:7,4
DA:15,1
DA:16,4
DA:18,4
LF:5
LH:5
BRF:0
BRH:0
end_of_record
TN:
SF:src/components/Form/CategorySelectButton/index.tsx
FN:10,(anonymous_0)
FNF:1
FNH:1
FNDA:2,(anonymous_0)
DA:10,1
DA:11,2
LF:2
LH:2
BRF:0
BRH:0
end_of_record
TN:
SF:src/components/Form/CategorySelectButton/styles.ts
FN:8,(anonymous_0)
FN:19,(anonymous_1)
FN:25,(anonymous_2)
FNF:3
FNH:3
FNDA:2,(anonymous_0)
FNDA:2,(anonymous_1)
FNDA:2,(anonymous_2)
DA:7,1
DA:8,2
DA:18,1
DA:19,2
DA:23,1
DA:25,2
LF:6
LH:6
BRF:0
BRH:0
end_of_record
TN:
SF:src/components/Form/Input/index.tsx
FN:10,(anonymous_0)
FNF:1
FNH:1
FNDA:5,(anonymous_0)
DA:10,2
DA:11,5
LF:2
LH:2
BRDA:10,0,0,4
BRF:1
BRH:1
end_of_record
TN:
SF:src/components/Form/Input/styles.ts
FN:13,(anonymous_0)
FN:15,(anonymous_1)
FN:17,(anonymous_2)
FN:22,(anonymous_3)
FNF:4
FNH:4
FNDA:5,(anonymous_0)
FNDA:5,(anonymous_1)
FNDA:5,(anonymous_2)
FNDA:5,(anonymous_3)
DA:9,2
DA:13,5
DA:15,5
DA:17,5
DA:23,5
LF:5
LH:5
BRDA:23,0,0,5
BRDA:23,0,1,1
BRF:2
BRH:2
end_of_record
TN:
SF:src/components/Form/InputForm/index.tsx
FN:15,(anonymous_0)
FN:20,(anonymous_1)
FNF:2
FNH:2
FNDA:4,(anonymous_0)
FNDA:4,(anonymous_1)
DA:15,1
DA:16,4
DA:21,4
LF:3
LH:3
BRDA:25,0,0,4
BRDA:25,0,1,0
BRF:2
BRH:1
end_of_record
TN:
SF:src/components/Form/InputForm/styles.ts
FN:9,(anonymous_0)
FN:11,(anonymous_1)
FNF:2
FNH:0
FNDA:0,(anonymous_0)
FNDA:0,(anonymous_1)
DA:4,1
DA:8,1
DA:9,0
DA:11,0
LF:4
LH:2
BRF:0
BRH:0
end_of_record
TN:
SF:src/components/Form/TransactionTypeButton/index.tsx
FN:17,(anonymous_0)
FNF:1
FNH:1
FNDA:4,(anonymous_0)
DA:12,1
DA:17,1
DA:23,4
LF:3
LH:3
BRF:0
BRH:0
end_of_record
TN:
SF:src/components/Form/TransactionTypeButton/styles.ts
FN:20,(anonymous_0)
FN:22,(anonymous_1)
FN:25,(anonymous_2)
FN:32,(anonymous_3)
FN:50,(anonymous_4)
FN:57,(anonymous_5)
FN:59,(anonymous_6)
FNF:7
FNH:7
FNDA:4,(anonymous_0)
FNDA:4,(anonymous_1)
FNDA:4,(anonymous_2)
FNDA:4,(anonymous_3)
FNDA:4,(anonymous_4)
FNDA:4,(anonymous_5)
FNDA:4,(anonymous_6)
DA:17,1
DA:20,4
DA:22,4
DA:26,4
DA:33,4
DA:40,1
DA:48,1
DA:51,4
DA:56,1
DA:57,4
DA:59,4
LF:11
LH:11
BRDA:20,0,0,0
BRDA:20,0,1,4
BRDA:26,1,0,4
BRDA:26,1,1,0
BRDA:26,1,2,0
BRDA:33,2,0,4
BRDA:33,2,1,0
BRDA:33,2,2,0
BRDA:51,3,0,2
BRDA:51,3,1,2
BRF:10
BRH:5
end_of_record
TN:
SF:src/global/styles/theme.ts
FNF:0
FNH:0
LF:0
LH:0
BRF:0
BRH:0
end_of_record
TN:
SF:src/hooks/auth.tsx
FN:51,(anonymous_0)
FN:57,(anonymous_1)
FN:90,(anonymous_2)
FN:120,(anonymous_3)
FN:125,(anonymous_4)
FN:126,loadStorageData
FN:154,useAuth
FNF:7
FNH:5
FNDA:5,(anonymous_0)
FNDA:2,(anonymous_1)
FNDA:0,(anonymous_2)
FNDA:0,(anonymous_3)
FNDA:2,(anonymous_4)
FNDA:2,loadStorageData
FNDA:7,useAuth
DA:13,2
DA:14,2
DA:49,2
DA:51,2
DA:52,5
DA:53,5
DA:55,5
DA:57,5
DA:58,2
DA:59,2
DA:60,2
DA:62,2
DA:64,2
DA:68,1
DA:69,1
DA:73,1
DA:75,1
DA:82,1
DA:83,1
DA:86,1
DA:90,5
DA:91,0
DA:92,0
DA:99,0
DA:100,0
DA:101,0
DA:105,0
DA:112,0
DA:113,0
DA:116,0
DA:120,5
DA:121,0
DA:122,0
DA:125,5
DA:127,2
DA:129,2
DA:130,0
DA:133,2
DA:136,2
DA:139,5
DA:155,7
DA:157,7
DA:158,0
DA:161,7
LF:44
LH:31
BRDA:68,0,0,1
BRDA:68,0,1,0
BRDA:99,1,0,0
BRDA:99,1,1,0
BRDA:129,2,0,0
BRDA:129,2,1,2
BRDA:157,3,0,0
BRDA:157,3,1,7
BRF:8
BRH:3
end_of_record
TN:
SF:src/screens/CategorySelect/index.tsx
FN:29,(anonymous_0)
FN:35,(anonymous_1)
FN:49,(anonymous_2)
FN:50,(anonymous_3)
FN:52,(anonymous_4)
FN:59,(anonymous_5)
FNF:6
FNH:4
FNDA:2,(anonymous_0)
FNDA:0,(anonymous_1)
FNDA:12,(anonymous_2)
FNDA:12,(anonymous_3)
FNDA:0,(anonymous_4)
FNDA:10,(anonymous_5)
DA:29,1
DA:34,2
DA:36,0
DA:41,2
DA:49,12
DA:51,12
DA:52,0
DA:59,10
LF:8
LH:6
BRF:0
BRH:0
end_of_record
TN:
SF:src/screens/CategorySelect/styles.ts
FN:20,(anonymous_0)
FN:27,(anonymous_1)
FN:35,(anonymous_2)
FN:37,(anonymous_3)
FN:56,(anonymous_4)
FN:66,(anonymous_5)
FN:74,(anonymous_6)
FNF:7
FNH:7
FNDA:2,(anonymous_0)
FNDA:2,(anonymous_1)
FNDA:2,(anonymous_2)
FNDA:2,(anonymous_3)
FNDA:12,(anonymous_4)
FNDA:12,(anonymous_5)
FNDA:10,(anonymous_6)
DA:18,1
DA:20,2
DA:23,1
DA:27,2
DA:34,1
DA:35,2
DA:37,2
DA:40,1
DA:47,1
DA:57,12
DA:60,1
DA:65,1
DA:66,12
DA:70,1
DA:74,10
DA:77,1
LF:16
LH:16
BRDA:57,0,0,0
BRDA:57,0,1,12
BRF:2
BRH:1
end_of_record
TN:
SF:src/screens/Profile/index.tsx
FN:4,(anonymous_0)
FN:24,(anonymous_1)
FNF:2
FNH:1
FNDA:3,(anonymous_0)
FNDA:0,(anonymous_1)
DA:4,1
DA:5,3
DA:25,0
LF:3
LH:2
BRF:0
BRH:0
end_of_record
TN:
SF:src/screens/Register/index.tsx
FN:47,(anonymous_0)
FN:69,(anonymous_1)
FN:70,(anonymous_2)
FN:74,(anonymous_3)
FN:81,(anonymous_4)
FN:152,(anonymous_5)
FN:158,(anonymous_6)
FNF:7
FNH:3
FNDA:2,(anonymous_0)
FNDA:1,(anonymous_1)
FNDA:1,(anonymous_2)
FNDA:0,(anonymous_3)
FNDA:0,(anonymous_4)
FNDA:0,(anonymous_5)
FNDA:0,(anonymous_6)
DA:39,1
DA:47,1
DA:48,2
DA:50,2
DA:52,2
DA:53,2
DA:60,2
DA:64,2
DA:69,2
DA:70,1
DA:73,2
DA:75,0
DA:80,2
DA:82,0
DA:84,0
DA:85,0
DA:87,0
DA:96,0
DA:97,0
DA:99,0
DA:100,0
DA:102,0
DA:104,0
DA:106,0
DA:107,0
DA:108,0
DA:113,0
DA:115,0
DA:121,2
DA:152,0
DA:158,0
LF:31
LH:13
BRDA:82,0,0,0
BRDA:82,0,1,0
BRDA:84,1,0,0
BRDA:84,1,1,0
BRDA:100,2,0,0
BRDA:100,2,1,0
BRDA:136,3,0,2
BRDA:136,3,1,0
BRDA:144,4,0,2
BRDA:144,4,1,0
BRF:10
BRH:2
end_of_record
TN:
SF:src/screens/Register/styles.ts
FN:6,(anonymous_0)
FN:10,(anonymous_1)
FN:22,(anonymous_2)
FN:24,(anonymous_3)
FNF:4
FNH:4
FNDA:2,(anonymous_0)
FNDA:2,(anonymous_1)
FNDA:2,(anonymous_2)
FNDA:2,(anonymous_3)
DA:4,1
DA:6,2
DA:9,1
DA:10,2
DA:21,1
DA:22,2
DA:24,2
DA:27,1
DA:36,1
DA:38,1
LF:10
LH:10
BRF:0
BRH:0
end_of_record
TN:
SF:src/utils/categories.ts
FNF:0
FNH:0
DA:1,1
LF:1
LH:1
BRF:0
BRH:0
end_of_record
